0 info it worked if it ends with ok
1 verbose cli [ 'C:\\Program Files\\nodejs\\node.exe',
1 verbose cli   'C:\\Program Files\\nodejs\\node_modules\\npm\\bin\\npm-cli.js',
1 verbose cli   'run',
1 verbose cli   'start-with-webpack-dev-server' ]
2 info using npm@3.10.10
3 info using node@v6.10.1
4 verbose run-script [ 'prestart-with-webpack-dev-server',
4 verbose run-script   'start-with-webpack-dev-server',
4 verbose run-script   'poststart-with-webpack-dev-server' ]
5 info lifecycle vk-tinker@0.0.1~prestart-with-webpack-dev-server: vk-tinker@0.0.1
6 silly lifecycle vk-tinker@0.0.1~prestart-with-webpack-dev-server: no script for prestart-with-webpack-dev-server, continuing
7 info lifecycle vk-tinker@0.0.1~start-with-webpack-dev-server: vk-tinker@0.0.1
8 verbose lifecycle vk-tinker@0.0.1~start-with-webpack-dev-server: unsafe-perm in lifecycle true
9 verbose lifecycle vk-tinker@0.0.1~start-with-webpack-dev-server: PATH: C:\Program Files\nodejs\node_modules\npm\bin\node-gyp-bin;C:\Users\MariaSo\Work\webstorm projects\vk-tinker\node_modules\.bin;C:\Windows\system32;C:\Windows;C:\Windows\System32\Wbem;C:\Windows\System32\WindowsPowerShell\v1.0\;C:\Windows\CCM;C:\Program Files (x86)\Skype\Phone\;C:\Program Files\nodejs\;C:\Program Files\Git\cmd;C:\Users\MariaSo\AppData\Local\Microsoft\WindowsApps;C:\Users\MariaSo\AppData\Roaming\npm
10 verbose lifecycle vk-tinker@0.0.1~start-with-webpack-dev-server: CWD: C:\Users\MariaSo\Work\webstorm projects\vk-tinker
11 silly lifecycle vk-tinker@0.0.1~start-with-webpack-dev-server: Args: [ '/d /s /c',
11 silly lifecycle   'node index --env development --assetsRoot http://localhost:8080/assets' ]
12 silly lifecycle vk-tinker@0.0.1~start-with-webpack-dev-server: Returned: code: 1073807364  signal: null
13 info lifecycle vk-tinker@0.0.1~start-with-webpack-dev-server: Failed to exec start-with-webpack-dev-server script
14 verbose stack Error: vk-tinker@0.0.1 start-with-webpack-dev-server: `node index --env development --assetsRoot http://localhost:8080/assets`
14 verbose stack Exit status 1073807364
14 verbose stack     at EventEmitter.<anonymous> (C:\Program Files\nodejs\node_modules\npm\lib\utils\lifecycle.js:255:16)
14 verbose stack     at emitTwo (events.js:106:13)
14 verbose stack     at EventEmitter.emit (events.js:191:7)
14 verbose stack     at ChildProcess.<anonymous> (C:\Program Files\nodejs\node_modules\npm\lib\utils\spawn.js:40:14)
14 verbose stack     at emitTwo (events.js:106:13)
14 verbose stack     at ChildProcess.emit (events.js:191:7)
14 verbose stack     at maybeClose (internal/child_process.js:886:16)
14 verbose stack     at Process.ChildProcess._handle.onexit (internal/child_process.js:226:5)
15 verbose pkgid vk-tinker@0.0.1
16 verbose cwd C:\Users\MariaSo\Work\webstorm projects\vk-tinker
17 error Windows_NT 10.0.14393
18 error argv "C:\\Program Files\\nodejs\\node.exe" "C:\\Program Files\\nodejs\\node_modules\\npm\\bin\\npm-cli.js" "run" "start-with-webpack-dev-server"
19 error node v6.10.1
20 error npm  v3.10.10
21 error code ELIFECYCLE
22 error vk-tinker@0.0.1 start-with-webpack-dev-server: `node index --env development --assetsRoot http://localhost:8080/assets`
22 error Exit status 1073807364
23 error Failed at the vk-tinker@0.0.1 start-with-webpack-dev-server script 'node index --env development --assetsRoot http://localhost:8080/assets'.
23 error Make sure you have the latest version of node.js and npm installed.
23 error If you do, this is most likely a problem with the vk-tinker package,
23 error not with npm itself.
23 error Tell the author that this fails on your system:
23 error     node index --env development --assetsRoot http://localhost:8080/assets
23 error You can get information on how to open an issue for this project with:
23 error     npm bugs vk-tinker
23 error Or if that isn't available, you can get their info via:
23 error     npm owner ls vk-tinker
23 error There is likely additional logging output above.
24 verbose exit [ 1, true ]
